<?xml version="1.0" encoding="utf-8"?><testsuites name="pytest tests"><testsuite name="pytest" errors="0" failures="0" skipped="0" tests="318" time="3.412" timestamp="2026-09-15T19:34:01.323677+00:00" hostname="localhost"><testcase classname="tests.test_certificates" name="test_stored_replay[ideal_curve_scaling]" time="0.107" /><testcase classname="tests.test_certificates" name="test_stored_replay[ideal_curve_nonlinear]" time="0.001" /><testcase classname="tests.test_certificates" name="test_stored_replay[ideal_curve_two_branches]" time="0.001" /><testcase classname="tests.test_certificates" name="test_stored_replay[ideal_mutual_swap]" time="0.001" /><testcase classname="tests.test_certificates" name="test_stored_replay[ideal_guarded_update]" time="0.001" /><testcase classname="tests.test_certificates" name="test_stored_replay[ideal_finite_orbit_degree2]" time="0.001" /><testcase classname="tests.test_certificates" name="test_stored_replay[ideal_two_initial_maps]" time="0.001" /><testcase classname="tests.test_certificates" name="test_stored_replay[ideal_random_curve_00]" time="0.002" /><testcase classname="tests.test_certificates" name="test_stored_replay[ideal_random_curve_01]" time="0.001" /><testcase classname="tests.test_certificates" name="test_stored_replay[ideal_random_curve_02]" time="0.002" /><testcase classname="tests.test_certificates" name="test_stored_replay[ideal_random_curve_03]" time="0.002" /><testcase classname="tests.test_certificates" name="test_stored_replay[ideal_random_curve_04]" time="0.001" /><testcase classname="tests.test_certificates" name="test_stored_replay[ideal_random_curve_05]" time="0.001" /><testcase classname="tests.test_certificates" name="test_stored_replay[ideal_random_curve_06]" time="0.001" /><testcase classname="tests.test_certificates" name="test_stored_replay[ideal_random_curve_07]" time="0.001" /><testcase classname="tests.test_certificates" name="test_stored_replay[ideal_random_curve_08]" time="0.001" /><testcase classname="tests.test_certificates" name="test_stored_replay[ideal_random_curve_09]" time="0.001" /><testcase classname="tests.test_certificates" name="test_stored_replay[ideal_random_curve_10]" time="0.001" /><testcase classname="tests.test_certificates" name="test_stored_replay[ideal_random_curve_11]" time="0.001" /><testcase classname="tests.test_certificates" name="test_stored_replay[ideal_random_curve_12]" time="0.001" /><testcase classname="tests.test_certificates" name="test_stored_replay[ideal_random_curve_13]" time="0.001" /><testcase classname="tests.test_certificates" name="test_stored_replay[ideal_random_curve_14]" time="0.001" /><testcase classname="tests.test_certificates" name="test_stored_replay[ideal_random_curve_15]" time="0.002" /><testcase classname="tests.test_certificates" name="test_stored_replay[ideal_random_curve_16]" time="0.001" /><testcase classname="tests.test_certificates" name="test_stored_replay[ideal_random_curve_17]" time="0.001" /><testcase classname="tests.test_certificates" name="test_stored_replay[ideal_random_curve_18]" time="0.001" /><testcase classname="tests.test_certificates" name="test_stored_replay[ideal_random_curve_19]" time="0.001" /><testcase classname="tests.test_certificates" name="test_stored_replay[weighted_subsequence_product]" time="0.003" /><testcase classname="tests.test_certificates" name="test_stored_replay[weighted_similarity_00]" time="0.001" /><testcase classname="tests.test_certificates" name="test_stored_replay[weighted_inequivalent_00]" time="0.001" /><testcase classname="tests.test_certificates" name="test_stored_replay[weighted_similarity_01]" time="0.001" /><testcase classname="tests.test_certificates" name="test_stored_replay[weighted_inequivalent_01]" time="0.001" /><testcase classname="tests.test_certificates" name="test_stored_replay[weighted_similarity_02]" time="0.002" /><testcase classname="tests.test_certificates" name="test_stored_replay[weighted_inequivalent_02]" time="0.001" /><testcase classname="tests.test_certificates" name="test_stored_replay[weighted_similarity_03]" time="0.003" /><testcase classname="tests.test_certificates" name="test_stored_replay[weighted_inequivalent_03]" time="0.001" /><testcase classname="tests.test_certificates" name="test_stored_replay[weighted_similarity_04]" time="0.001" /><testcase classname="tests.test_certificates" name="test_stored_replay[weighted_inequivalent_04]" time="0.001" /><testcase classname="tests.test_certificates" name="test_stored_replay[weighted_similarity_05]" time="0.001" /><testcase classname="tests.test_certificates" name="test_stored_replay[weighted_inequivalent_05]" time="0.001" /><testcase classname="tests.test_certificates" name="test_stored_replay[weighted_similarity_06]" time="0.002" /><testcase classname="tests.test_certificates" name="test_stored_replay[weighted_inequivalent_06]" time="0.001" /><testcase classname="tests.test_certificates" name="test_stored_replay[weighted_similarity_07]" time="0.003" /><testcase classname="tests.test_certificates" name="test_stored_replay[weighted_inequivalent_07]" time="0.001" /><testcase classname="tests.test_certificates" name="test_stored_replay[weighted_similarity_08]" time="0.001" /><testcase classname="tests.test_certificates" name="test_stored_replay[weighted_inequivalent_08]" time="0.001" /><testcase classname="tests.test_certificates" name="test_stored_replay[weighted_similarity_09]" time="0.001" /><testcase classname="tests.test_certificates" name="test_stored_replay[weighted_inequivalent_09]" time="0.001" /><testcase classname="tests.test_certificates" name="test_stored_replay[weighted_similarity_10]" time="0.002" /><testcase classname="tests.test_certificates" name="test_stored_replay[weighted_inequivalent_10]" time="0.001" /><testcase classname="tests.test_certificates" name="test_stored_replay[weighted_similarity_11]" time="0.003" /><testcase classname="tests.test_certificates" name="test_stored_replay[weighted_inequivalent_11]" time="0.001" /><testcase classname="tests.test_certificates" name="test_stored_replay[weighted_similarity_12]" time="0.001" /><testcase classname="tests.test_certificates" name="test_stored_replay[weighted_inequivalent_12]" time="0.001" /><testcase classname="tests.test_certificates" name="test_stored_replay[weighted_similarity_13]" time="0.001" /><testcase classname="tests.test_certificates" name="test_stored_replay[weighted_inequivalent_13]" time="0.001" /><testcase classname="tests.test_certificates" name="test_stored_replay[weighted_similarity_14]" time="0.002" /><testcase classname="tests.test_certificates" name="test_stored_replay[weighted_inequivalent_14]" time="0.001" /><testcase classname="tests.test_certificates" name="test_stored_replay[weighted_similarity_15]" time="0.003" /><testcase classname="tests.test_certificates" name="test_stored_replay[weighted_inequivalent_15]" time="0.001" /><testcase classname="tests.test_certificates" name="test_stored_replay[weighted_similarity_16]" time="0.001" /><testcase classname="tests.test_certificates" name="test_stored_replay[weighted_inequivalent_16]" time="0.001" /><testcase classname="tests.test_certificates" name="test_stored_replay[weighted_similarity_17]" time="0.001" /><testcase classname="tests.test_certificates" name="test_stored_replay[weighted_inequivalent_17]" time="0.001" /><testcase classname="tests.test_certificates" name="test_stored_replay[weighted_similarity_18]" time="0.002" /><testcase classname="tests.test_certificates" name="test_stored_replay[weighted_inequivalent_18]" time="0.001" /><testcase classname="tests.test_certificates" name="test_stored_replay[weighted_similarity_19]" time="0.003" /><testcase classname="tests.test_certificates" name="test_stored_replay[weighted_inequivalent_19]" time="0.001" /><testcase classname="tests.test_certificates" name="test_stored_replay[weighted_delayed_3]" time="0.001" /><testcase classname="tests.test_certificates" name="test_stored_replay[weighted_delayed_4]" time="0.001" /><testcase classname="tests.test_certificates" name="test_stored_replay[weighted_delayed_5]" time="0.001" /><testcase classname="tests.test_certificates" name="test_stored_replay[weighted_delayed_6]" time="0.001" /><testcase classname="tests.test_certificates" name="test_stored_replay[weighted_delayed_7]" time="0.001" /><testcase classname="tests.test_certificates" name="test_stored_replay[weighted_zero_initial]" time="0.001" /><testcase classname="tests.test_certificates" name="test_stored_replay[weighted_empty_alphabet]" time="0.000" /><testcase classname="tests.test_certificates" name="test_stored_replay[telescope_binomial_power_1]" time="0.001" /><testcase classname="tests.test_certificates" name="test_stored_replay[telescope_binomial_power_2]" time="0.002" /><testcase classname="tests.test_certificates" name="test_stored_replay[telescope_binomial_power_3]" time="0.010" /><testcase classname="tests.test_certificates" name="test_ideal_target_substitution_rejected[ideal_curve_scaling]" time="0.001" /><testcase classname="tests.test_certificates" name="test_ideal_target_substitution_rejected[ideal_curve_nonlinear]" time="0.001" /><testcase classname="tests.test_certificates" name="test_ideal_target_substitution_rejected[ideal_curve_two_branches]" time="0.001" /><testcase classname="tests.test_certificates" name="test_ideal_target_substitution_rejected[ideal_mutual_swap]" time="0.001" /><testcase classname="tests.test_certificates" name="test_ideal_target_substitution_rejected[ideal_guarded_update]" time="0.001" /><testcase classname="tests.test_certificates" name="test_ideal_target_substitution_rejected[ideal_finite_orbit_degree2]" time="0.001" /><testcase classname="tests.test_certificates" name="test_ideal_target_substitution_rejected[ideal_two_initial_maps]" time="0.001" /><testcase classname="tests.test_certificates" name="test_ideal_target_substitution_rejected[ideal_random_curve_00]" time="0.002" /><testcase classname="tests.test_certificates" name="test_ideal_target_substitution_rejected[ideal_random_curve_01]" time="0.002" /><testcase classname="tests.test_certificates" name="test_ideal_target_substitution_rejected[ideal_random_curve_02]" time="0.002" /><testcase classname="tests.test_certificates" name="test_ideal_target_substitution_rejected[ideal_random_curve_03]" time="0.002" /><testcase classname="tests.test_certificates" name="test_ideal_target_substitution_rejected[ideal_random_curve_04]" time="0.001" /><testcase classname="tests.test_certificates" name="test_ideal_target_substitution_rejected[ideal_random_curve_05]" time="0.002" /><testcase classname="tests.test_certificates" name="test_ideal_target_substitution_rejected[ideal_random_curve_06]" time="0.001" /><testcase classname="tests.test_certificates" name="test_ideal_target_substitution_rejected[ideal_random_curve_07]" time="0.002" /><testcase classname="tests.test_certificates" name="test_ideal_target_substitution_rejected[ideal_random_curve_08]" time="0.001" /><testcase classname="tests.test_certificates" name="test_ideal_target_substitution_rejected[ideal_random_curve_09]" time="0.002" /><testcase classname="tests.test_certificates" name="test_ideal_target_substitution_rejected[ideal_random_curve_10]" time="0.002" /><testcase classname="tests.test_certificates" name="test_ideal_target_substitution_rejected[ideal_random_curve_11]" time="0.001" /><testcase classname="tests.test_certificates" name="test_ideal_target_substitution_rejected[ideal_random_curve_12]" time="0.002" /><testcase classname="tests.test_certificates" name="test_ideal_target_substitution_rejected[ideal_random_curve_13]" time="0.002" /><testcase classname="tests.test_certificates" name="test_ideal_target_substitution_rejected[ideal_random_curve_14]" time="0.002" /><testcase classname="tests.test_certificates" name="test_ideal_target_substitution_rejected[ideal_random_curve_15]" time="0.002" /><testcase classname="tests.test_certificates" name="test_ideal_target_substitution_rejected[ideal_random_curve_16]" time="0.001" /><testcase classname="tests.test_certificates" name="test_ideal_target_substitution_rejected[ideal_random_curve_17]" time="0.002" /><testcase classname="tests.test_certificates" name="test_ideal_target_substitution_rejected[ideal_random_curve_18]" time="0.002" /><testcase classname="tests.test_certificates" name="test_ideal_target_substitution_rejected[ideal_random_curve_19]" time="0.002" /><testcase classname="tests.test_certificates" name="test_ideal_step_mutation_rejected[ideal_curve_scaling]" time="0.001" /><testcase classname="tests.test_certificates" name="test_ideal_step_mutation_rejected[ideal_curve_nonlinear]" time="0.001" /><testcase classname="tests.test_certificates" name="test_ideal_step_mutation_rejected[ideal_curve_two_branches]" time="0.001" /><testcase classname="tests.test_certificates" name="test_ideal_step_mutation_rejected[ideal_mutual_swap]" time="0.001" /><testcase classname="tests.test_certificates" name="test_ideal_step_mutation_rejected[ideal_guarded_update]" time="0.001" /><testcase classname="tests.test_certificates" name="test_ideal_step_mutation_rejected[ideal_finite_orbit_degree2]" time="0.001" /><testcase classname="tests.test_certificates" name="test_ideal_step_mutation_rejected[ideal_two_initial_maps]" time="0.001" /><testcase classname="tests.test_certificates" name="test_ideal_step_mutation_rejected[ideal_random_curve_00]" time="0.002" /><testcase classname="tests.test_certificates" name="test_ideal_step_mutation_rejected[ideal_random_curve_01]" time="0.002" /><testcase classname="tests.test_certificates" name="test_ideal_step_mutation_rejected[ideal_random_curve_02]" time="0.002" /><testcase classname="tests.test_certificates" name="test_ideal_step_mutation_rejected[ideal_random_curve_03]" time="0.002" /><testcase classname="tests.test_certificates" name="test_ideal_step_mutation_rejected[ideal_random_curve_04]" time="0.001" /><testcase classname="tests.test_certificates" name="test_ideal_step_mutation_rejected[ideal_random_curve_05]" time="0.001" /><testcase classname="tests.test_certificates" name="test_ideal_step_mutation_rejected[ideal_random_curve_06]" time="0.001" /><testcase classname="tests.test_certificates" name="test_ideal_step_mutation_rejected[ideal_random_curve_07]" time="0.001" /><testcase classname="tests.test_certificates" name="test_ideal_step_mutation_rejected[ideal_random_curve_08]" time="0.001" /><testcase classname="tests.test_certificates" name="test_ideal_step_mutation_rejected[ideal_random_curve_09]" time="0.002" /><testcase classname="tests.test_certificates" name="test_ideal_step_mutation_rejected[ideal_random_curve_10]" time="0.002" /><testcase classname="tests.test_certificates" name="test_ideal_step_mutation_rejected[ideal_random_curve_11]" time="0.001" /><testcase classname="tests.test_certificates" name="test_ideal_step_mutation_rejected[ideal_random_curve_12]" time="0.002" /><testcase classname="tests.test_certificates" name="test_ideal_step_mutation_rejected[ideal_random_curve_13]" time="0.002" /><testcase classname="tests.test_certificates" name="test_ideal_step_mutation_rejected[ideal_random_curve_14]" time="0.001" /><testcase classname="tests.test_certificates" name="test_ideal_step_mutation_rejected[ideal_random_curve_15]" time="0.002" /><testcase classname="tests.test_certificates" name="test_ideal_step_mutation_rejected[ideal_random_curve_16]" time="0.001" /><testcase classname="tests.test_certificates" name="test_ideal_step_mutation_rejected[ideal_random_curve_17]" time="0.002" /><testcase classname="tests.test_certificates" name="test_ideal_step_mutation_rejected[ideal_random_curve_18]" time="0.001" /><testcase classname="tests.test_certificates" name="test_ideal_step_mutation_rejected[ideal_random_curve_19]" time="0.001" /><testcase classname="tests.test_certificates" name="test_weighted_span_mutation_rejected[weighted_subsequence_product]" time="0.001" /><testcase classname="tests.test_certificates" name="test_weighted_span_mutation_rejected[weighted_similarity_00]" time="0.001" /><testcase classname="tests.test_certificates" name="test_weighted_span_mutation_rejected[weighted_similarity_01]" time="0.001" /><testcase classname="tests.test_certificates" name="test_weighted_span_mutation_rejected[weighted_similarity_02]" time="0.001" /><testcase classname="tests.test_certificates" name="test_weighted_span_mutation_rejected[weighted_similarity_03]" time="0.001" /><testcase classname="tests.test_certificates" name="test_weighted_span_mutation_rejected[weighted_similarity_04]" time="0.001" /><testcase classname="tests.test_certificates" name="test_weighted_span_mutation_rejected[weighted_similarity_05]" time="0.001" /><testcase classname="tests.test_certificates" name="test_weighted_span_mutation_rejected[weighted_similarity_06]" time="0.001" /><testcase classname="tests.test_certificates" name="test_weighted_span_mutation_rejected[weighted_similarity_07]" time="0.001" /><testcase classname="tests.test_certificates" name="test_weighted_span_mutation_rejected[weighted_similarity_08]" time="0.001" /><testcase classname="tests.test_certificates" name="test_weighted_span_mutation_rejected[weighted_similarity_09]" time="0.001" /><testcase classname="tests.test_certificates" name="test_weighted_span_mutation_rejected[weighted_similarity_10]" time="0.001" /><testcase classname="tests.test_certificates" name="test_weighted_span_mutation_rejected[weighted_similarity_11]" time="0.001" /><testcase classname="tests.test_certificates" name="test_weighted_span_mutation_rejected[weighted_similarity_12]" time="0.001" /><testcase classname="tests.test_certificates" name="test_weighted_span_mutation_rejected[weighted_similarity_13]" time="0.001" /><testcase classname="tests.test_certificates" name="test_weighted_span_mutation_rejected[weighted_similarity_14]" time="0.001" /><testcase classname="tests.test_certificates" name="test_weighted_span_mutation_rejected[weighted_similarity_15]" time="0.001" /><testcase classname="tests.test_certificates" name="test_weighted_span_mutation_rejected[weighted_similarity_16]" time="0.001" /><testcase classname="tests.test_certificates" name="test_weighted_span_mutation_rejected[weighted_similarity_17]" time="0.001" /><testcase classname="tests.test_certificates" name="test_weighted_span_mutation_rejected[weighted_similarity_18]" time="0.001" /><testcase classname="tests.test_certificates" name="test_weighted_span_mutation_rejected[weighted_similarity_19]" time="0.001" /><testcase classname="tests.test_certificates" name="test_weighted_span_mutation_rejected[weighted_empty_alphabet]" time="0.001" /><testcase classname="tests.test_certificates" name="test_weighted_closure_mutation_rejected[weighted_subsequence_product]" time="0.002" /><testcase classname="tests.test_certificates" name="test_weighted_closure_mutation_rejected[weighted_similarity_00]" time="0.001" /><testcase classname="tests.test_certificates" name="test_weighted_closure_mutation_rejected[weighted_similarity_01]" time="0.001" /><testcase classname="tests.test_certificates" name="test_weighted_closure_mutation_rejected[weighted_similarity_02]" time="0.002" /><testcase classname="tests.test_certificates" name="test_weighted_closure_mutation_rejected[weighted_similarity_03]" time="0.002" /><testcase classname="tests.test_certificates" name="test_weighted_closure_mutation_rejected[weighted_similarity_04]" time="0.001" /><testcase classname="tests.test_certificates" name="test_weighted_closure_mutation_rejected[weighted_similarity_05]" time="0.001" /><testcase classname="tests.test_certificates" name="test_weighted_closure_mutation_rejected[weighted_similarity_06]" time="0.002" /><testcase classname="tests.test_certificates" name="test_weighted_closure_mutation_rejected[weighted_similarity_07]" time="0.002" /><testcase classname="tests.test_certificates" name="test_weighted_closure_mutation_rejected[weighted_similarity_08]" time="0.001" /><testcase classname="tests.test_certificates" name="test_weighted_closure_mutation_rejected[weighted_similarity_09]" time="0.001" /><testcase classname="tests.test_certificates" name="test_weighted_closure_mutation_rejected[weighted_similarity_10]" time="0.002" /><testcase classname="tests.test_certificates" name="test_weighted_closure_mutation_rejected[weighted_similarity_11]" time="0.002" /><testcase classname="tests.test_certificates" name="test_weighted_closure_mutation_rejected[weighted_similarity_12]" time="0.001" /><testcase classname="tests.test_certificates" name="test_weighted_closure_mutation_rejected[weighted_similarity_13]" time="0.001" /><testcase classname="tests.test_certificates" name="test_weighted_closure_mutation_rejected[weighted_similarity_14]" time="0.002" /><testcase classname="tests.test_certificates" name="test_weighted_closure_mutation_rejected[weighted_similarity_15]" time="0.002" /><testcase classname="tests.test_certificates" name="test_weighted_closure_mutation_rejected[weighted_similarity_16]" time="0.001" /><testcase classname="tests.test_certificates" name="test_weighted_closure_mutation_rejected[weighted_similarity_17]" time="0.001" /><testcase classname="tests.test_certificates" name="test_weighted_closure_mutation_rejected[weighted_similarity_18]" time="0.002" /><testcase classname="tests.test_certificates" name="test_weighted_closure_mutation_rejected[weighted_similarity_19]" time="0.002" /><testcase classname="tests.test_certificates" name="test_false_counterexample_rejected[weighted_inequivalent_00]" time="0.001" /><testcase classname="tests.test_certificates" name="test_false_counterexample_rejected[weighted_inequivalent_01]" time="0.001" /><testcase classname="tests.test_certificates" name="test_false_counterexample_rejected[weighted_inequivalent_02]" time="0.001" /><testcase classname="tests.test_certificates" name="test_false_counterexample_rejected[weighted_inequivalent_03]" time="0.001" /><testcase classname="tests.test_certificates" name="test_false_counterexample_rejected[weighted_inequivalent_04]" time="0.001" /><testcase classname="tests.test_certificates" name="test_false_counterexample_rejected[weighted_inequivalent_05]" time="0.001" /><testcase classname="tests.test_certificates" name="test_false_counterexample_rejected[weighted_inequivalent_06]" time="0.001" /><testcase classname="tests.test_certificates" name="test_false_counterexample_rejected[weighted_inequivalent_07]" time="0.001" /><testcase classname="tests.test_certificates" name="test_false_counterexample_rejected[weighted_inequivalent_08]" time="0.001" /><testcase classname="tests.test_certificates" name="test_false_counterexample_rejected[weighted_inequivalent_09]" time="0.001" /><testcase classname="tests.test_certificates" name="test_false_counterexample_rejected[weighted_inequivalent_10]" time="0.001" /><testcase classname="tests.test_certificates" name="test_false_counterexample_rejected[weighted_inequivalent_11]" time="0.001" /><testcase classname="tests.test_certificates" name="test_false_counterexample_rejected[weighted_inequivalent_12]" time="0.001" /><testcase classname="tests.test_certificates" name="test_false_counterexample_rejected[weighted_inequivalent_13]" time="0.001" /><testcase classname="tests.test_certificates" name="test_false_counterexample_rejected[weighted_inequivalent_14]" time="0.001" /><testcase classname="tests.test_certificates" name="test_false_counterexample_rejected[weighted_inequivalent_15]" time="0.001" /><testcase classname="tests.test_certificates" name="test_false_counterexample_rejected[weighted_inequivalent_16]" time="0.001" /><testcase classname="tests.test_certificates" name="test_false_counterexample_rejected[weighted_inequivalent_17]" time="0.001" /><testcase classname="tests.test_certificates" name="test_false_counterexample_rejected[weighted_inequivalent_18]" time="0.001" /><testcase classname="tests.test_certificates" name="test_false_counterexample_rejected[weighted_inequivalent_19]" time="0.001" /><testcase classname="tests.test_certificates" name="test_false_counterexample_rejected[weighted_delayed_3]" time="0.001" /><testcase classname="tests.test_certificates" name="test_false_counterexample_rejected[weighted_delayed_4]" time="0.001" /><testcase classname="tests.test_certificates" name="test_false_counterexample_rejected[weighted_delayed_5]" time="0.001" /><testcase classname="tests.test_certificates" name="test_false_counterexample_rejected[weighted_delayed_6]" time="0.001" /><testcase classname="tests.test_certificates" name="test_false_counterexample_rejected[weighted_delayed_7]" time="0.001" /><testcase classname="tests.test_certificates" name="test_telescoper_numerator_rejected[telescope_binomial_power_1]" time="0.001" /><testcase classname="tests.test_certificates" name="test_telescoper_numerator_rejected[telescope_binomial_power_2]" time="0.001" /><testcase classname="tests.test_certificates" name="test_telescoper_numerator_rejected[telescope_binomial_power_3]" time="0.006" /><testcase classname="tests.test_certificates" name="test_telescoper_initial_rejected[telescope_binomial_power_1]" time="0.001" /><testcase classname="tests.test_certificates" name="test_telescoper_initial_rejected[telescope_binomial_power_2]" time="0.002" /><testcase classname="tests.test_certificates" name="test_telescoper_initial_rejected[telescope_binomial_power_3]" time="0.010" /><testcase classname="tests.test_certificates" name="test_singular_but_true_recurrence_not_uniqueness_receipt[telescope_binomial_power_1]" time="0.001" /><testcase classname="tests.test_certificates" name="test_singular_but_true_recurrence_not_uniqueness_receipt[telescope_binomial_power_2]" time="0.002" /><testcase classname="tests.test_certificates" name="test_singular_but_true_recurrence_not_uniqueness_receipt[telescope_binomial_power_3]" time="0.013" /><testcase classname="tests.test_certificates" name="test_json_rejections[{&quot;x&quot;:1,&quot;x&quot;:2}]" time="0.004" /><testcase classname="tests.test_certificates" name="test_json_rejections[[0.5]]" time="0.001" /><testcase classname="tests.test_certificates" name="test_json_rejections[[NaN]]" time="0.001" /><testcase classname="tests.test_certificates" name="test_json_rejections[[Infinity]]" time="0.001" /><testcase classname="tests.test_certificates" name="test_bad_rationals[bad0]" time="0.001" /><testcase classname="tests.test_certificates" name="test_bad_rationals[bad1]" time="0.000" /><testcase classname="tests.test_certificates" name="test_bad_rationals[bad2]" time="0.001" /><testcase classname="tests.test_certificates" name="test_bad_rationals[bad3]" time="0.001" /><testcase classname="tests.test_certificates" name="test_bad_rationals[bad4]" time="0.001" /><testcase classname="tests.test_certificates" name="test_bad_polynomials[bad0]" time="0.001" /><testcase classname="tests.test_certificates" name="test_bad_polynomials[bad1]" time="0.000" /><testcase classname="tests.test_certificates" name="test_bad_polynomials[bad2]" time="0.001" /><testcase classname="tests.test_certificates" name="test_bad_polynomials[bad3]" time="0.000" /><testcase classname="tests.test_certificates" name="test_bad_polynomials[bad4]" time="0.001" /><testcase classname="tests.test_certificates" name="test_missing_guard_not_silently_erased" time="0.001" /><testcase classname="tests.test_certificates" name="test_missing_letter_not_silently_erased" time="0.002" /><testcase classname="tests.test_certificates" name="test_false_source_family_rejected" time="0.001" /><testcase classname="tests.test_certificates" name="test_tracked_groebner_against_sympy[0]" time="0.132" /><testcase classname="tests.test_certificates" name="test_tracked_groebner_against_sympy[1]" time="0.087" /><testcase classname="tests.test_certificates" name="test_tracked_groebner_against_sympy[2]" time="0.089" /><testcase classname="tests.test_certificates" name="test_tracked_groebner_against_sympy[3]" time="0.098" /><testcase classname="tests.test_certificates" name="test_tracked_groebner_against_sympy[4]" time="0.104" /><testcase classname="tests.test_certificates" name="test_tracked_groebner_against_sympy[5]" time="0.082" /><testcase classname="tests.test_certificates" name="test_tracked_groebner_against_sympy[6]" time="0.076" /><testcase classname="tests.test_certificates" name="test_tracked_groebner_against_sympy[7]" time="0.037" /><testcase classname="tests.test_certificates" name="test_tracked_groebner_against_sympy[8]" time="0.034" /><testcase classname="tests.test_certificates" name="test_tracked_groebner_against_sympy[9]" time="0.052" /><testcase classname="tests.test_certificates" name="test_tracked_groebner_against_sympy[10]" time="0.098" /><testcase classname="tests.test_certificates" name="test_tracked_groebner_against_sympy[11]" time="0.100" /><testcase classname="tests.test_certificates" name="test_tracked_groebner_against_sympy[12]" time="0.071" /><testcase classname="tests.test_certificates" name="test_tracked_groebner_against_sympy[13]" time="0.071" /><testcase classname="tests.test_certificates" name="test_tracked_groebner_against_sympy[14]" time="0.099" /><testcase classname="tests.test_certificates" name="test_tracked_groebner_against_sympy[15]" time="0.113" /><testcase classname="tests.test_certificates" name="test_tracked_groebner_against_sympy[16]" time="0.050" /><testcase classname="tests.test_certificates" name="test_tracked_groebner_against_sympy[17]" time="0.027" /><testcase classname="tests.test_certificates" name="test_tracked_groebner_against_sympy[18]" time="0.084" /><testcase classname="tests.test_certificates" name="test_tracked_groebner_against_sympy[19]" time="0.118" /><testcase classname="tests.test_certificates" name="test_tracked_groebner_against_sympy[20]" time="0.083" /><testcase classname="tests.test_certificates" name="test_tracked_groebner_against_sympy[21]" time="0.061" /><testcase classname="tests.test_certificates" name="test_tracked_groebner_against_sympy[22]" time="0.116" /><testcase classname="tests.test_certificates" name="test_tracked_groebner_against_sympy[23]" time="0.076" /><testcase classname="tests.test_certificates" name="test_weighted_exhaustive_small_oracle[0]" time="0.001" /><testcase classname="tests.test_certificates" name="test_weighted_exhaustive_small_oracle[1]" time="0.005" /><testcase classname="tests.test_certificates" name="test_weighted_exhaustive_small_oracle[2]" time="0.001" /><testcase classname="tests.test_certificates" name="test_weighted_exhaustive_small_oracle[3]" time="0.001" /><testcase classname="tests.test_certificates" name="test_weighted_exhaustive_small_oracle[4]" time="0.001" /><testcase classname="tests.test_certificates" name="test_weighted_exhaustive_small_oracle[5]" time="0.001" /><testcase classname="tests.test_certificates" name="test_weighted_exhaustive_small_oracle[6]" time="0.001" /><testcase classname="tests.test_certificates" name="test_weighted_exhaustive_small_oracle[7]" time="0.001" /><testcase classname="tests.test_certificates" name="test_weighted_exhaustive_small_oracle[8]" time="0.004" /><testcase classname="tests.test_certificates" name="test_weighted_exhaustive_small_oracle[9]" time="0.001" /><testcase classname="tests.test_certificates" name="test_weighted_exhaustive_small_oracle[10]" time="0.001" /><testcase classname="tests.test_certificates" name="test_weighted_exhaustive_small_oracle[11]" time="0.001" /><testcase classname="tests.test_certificates" name="test_weighted_exhaustive_small_oracle[12]" time="0.001" /><testcase classname="tests.test_certificates" name="test_weighted_exhaustive_small_oracle[13]" time="0.001" /><testcase classname="tests.test_certificates" name="test_weighted_exhaustive_small_oracle[14]" time="0.001" /><testcase classname="tests.test_certificates" name="test_weighted_exhaustive_small_oracle[15]" time="0.001" /><testcase classname="tests.test_certificates" name="test_weighted_exhaustive_small_oracle[16]" time="0.001" /><testcase classname="tests.test_certificates" name="test_weighted_exhaustive_small_oracle[17]" time="0.001" /><testcase classname="tests.test_certificates" name="test_weighted_exhaustive_small_oracle[18]" time="0.001" /><testcase classname="tests.test_certificates" name="test_weighted_exhaustive_small_oracle[19]" time="0.001" /><testcase classname="tests.test_certificates" name="test_weighted_exhaustive_small_oracle[20]" time="0.001" /><testcase classname="tests.test_certificates" name="test_weighted_exhaustive_small_oracle[21]" time="0.002" /><testcase classname="tests.test_certificates" name="test_weighted_exhaustive_small_oracle[22]" time="0.001" /><testcase classname="tests.test_certificates" name="test_weighted_exhaustive_small_oracle[23]" time="0.002" /><testcase classname="tests.test_certificates" name="test_weighted_exhaustive_small_oracle[24]" time="0.003" /><testcase classname="tests.test_certificates" name="test_weighted_exhaustive_small_oracle[25]" time="0.001" /><testcase classname="tests.test_certificates" name="test_weighted_exhaustive_small_oracle[26]" time="0.001" /><testcase classname="tests.test_certificates" name="test_weighted_exhaustive_small_oracle[27]" time="0.001" /><testcase classname="tests.test_certificates" name="test_weighted_exhaustive_small_oracle[28]" time="0.001" /><testcase classname="tests.test_certificates" name="test_weighted_exhaustive_small_oracle[29]" time="0.001" /><testcase classname="tests.test_certificates" name="test_weighted_exhaustive_small_oracle[30]" time="0.002" /><testcase classname="tests.test_certificates" name="test_weighted_exhaustive_small_oracle[31]" time="0.001" /><testcase classname="tests.test_certificates" name="test_weighted_exhaustive_small_oracle[32]" time="0.001" /><testcase classname="tests.test_certificates" name="test_weighted_exhaustive_small_oracle[33]" time="0.001" /><testcase classname="tests.test_certificates" name="test_weighted_exhaustive_small_oracle[34]" time="0.001" /><testcase classname="tests.test_certificates" name="test_weighted_exhaustive_small_oracle[35]" time="0.002" /><testcase classname="tests.test_certificates" name="test_weighted_exhaustive_small_oracle[36]" time="0.001" /><testcase classname="tests.test_certificates" name="test_weighted_exhaustive_small_oracle[37]" time="0.001" /><testcase classname="tests.test_certificates" name="test_weighted_exhaustive_small_oracle[38]" time="0.001" /><testcase classname="tests.test_certificates" name="test_weighted_exhaustive_small_oracle[39]" time="0.002" /><testcase classname="tests.test_certificates" name="test_weighted_exhaustive_small_oracle[40]" time="0.001" /><testcase classname="tests.test_certificates" name="test_weighted_exhaustive_small_oracle[41]" time="0.007" /><testcase classname="tests.test_certificates" name="test_weighted_exhaustive_small_oracle[42]" time="0.001" /><testcase classname="tests.test_certificates" name="test_weighted_exhaustive_small_oracle[43]" time="0.001" /><testcase classname="tests.test_certificates" name="test_weighted_exhaustive_small_oracle[44]" time="0.004" /><testcase classname="tests.test_certificates" name="test_weighted_exhaustive_small_oracle[45]" time="0.001" /><testcase classname="tests.test_certificates" name="test_weighted_exhaustive_small_oracle[46]" time="0.001" /><testcase classname="tests.test_certificates" name="test_weighted_exhaustive_small_oracle[47]" time="0.002" /><testcase classname="tests.test_certificates" name="test_weighted_exhaustive_small_oracle[48]" time="0.001" /><testcase classname="tests.test_certificates" name="test_weighted_exhaustive_small_oracle[49]" time="0.001" /><testcase classname="tests.test_certificates" name="test_weighted_exhaustive_small_oracle[50]" time="0.002" /><testcase classname="tests.test_certificates" name="test_weighted_exhaustive_small_oracle[51]" time="0.001" /><testcase classname="tests.test_certificates" name="test_weighted_exhaustive_small_oracle[52]" time="0.001" /><testcase classname="tests.test_certificates" name="test_weighted_exhaustive_small_oracle[53]" time="0.001" /><testcase classname="tests.test_certificates" name="test_weighted_exhaustive_small_oracle[54]" time="0.001" /><testcase classname="tests.test_certificates" name="test_weighted_exhaustive_small_oracle[55]" time="0.002" /><testcase classname="tests.test_certificates" name="test_weighted_exhaustive_small_oracle[56]" time="0.001" /><testcase classname="tests.test_certificates" name="test_weighted_exhaustive_small_oracle[57]" time="0.001" /><testcase classname="tests.test_certificates" name="test_weighted_exhaustive_small_oracle[58]" time="0.002" /><testcase classname="tests.test_certificates" name="test_weighted_exhaustive_small_oracle[59]" time="0.002" /><testcase classname="tests.test_certificates" name="test_recurrence_by_finite_sums_extra_regression[telescope_binomial_power_1]" time="0.001" /><testcase classname="tests.test_certificates" name="test_recurrence_by_finite_sums_extra_regression[telescope_binomial_power_2]" time="0.001" /><testcase classname="tests.test_certificates" name="test_recurrence_by_finite_sums_extra_regression[telescope_binomial_power_3]" time="0.002" /><testcase classname="tests.test_certificates" name="test_bounded_telescoping_miss[args0]" time="0.005" /><testcase classname="tests.test_certificates" name="test_bounded_telescoping_miss[args1]" time="0.041" /><testcase classname="tests.test_certificates" name="test_ideal_degree_failure_and_success" time="0.014" /><testcase classname="tests.test_certificates" name="test_resource_cutoffs_remain_inconclusive" time="0.002" /><testcase classname="tests.test_certificates" name="test_search_checker_import_separation" time="0.011" /></testsuite></testsuites>